C:\Program Files (x86)\MSBuild\Microsoft.Cpp\v4.0\V140\Microsoft.CppBuild.targets(392,5): warning MSB8028: The intermediate directory (x64\Release\) contains files shared from another project (CSC3150-Assignment3.vcxproj).  This can lead to incorrect clean and rebuild behavior.
  
  D:\CUHK\Y3T1\CSC3150\project\project 3\Bonus\CSC3150_A3\CSC3150_A3>"C:\Program Files\NVIDIA GPU Computing Toolkit\CUDA\v11.1\bin\nvcc.exe" -dlink -o x64\Release\CSC3150_A3.device-link.obj -Xcompiler "/EHsc /W3 /nologo /O2 /Fdx64\Release\vc140.pdb   /MD " -L"C:\Program Files\NVIDIA GPU Computing Toolkit\CUDA\v11.1\bin/crt" -L"C:\Program Files\NVIDIA GPU Computing Toolkit\CUDA\v11.1\lib\x64" cudart_static.lib kernel32.lib user32.lib gdi32.lib winspool.lib comdlg32.lib advapi32.lib shell32.lib ole32.lib oleaut32.lib uuid.lib odbc32.lib odbccp32.lib cudart.lib cudadevrt.lib  -gencode=arch=compute_52,code=sm_52  --machine 64 x64\Release\main.cu.obj x64\Release\user_program.cu.obj x64\Release\virtual_memory.cu.obj 
CUDALINK : nvcc warning : nvcc support for Microsoft Visual Studio 2015 and earlier has been deprecated and is no longer being maintained
  cudart_static.lib
  kernel32.lib
  user32.lib
  gdi32.lib
  winspool.lib
  comdlg32.lib
  advapi32.lib
  shell32.lib
  ole32.lib
  oleaut32.lib
  uuid.lib
  odbc32.lib
  odbccp32.lib
  cudart.lib
  cudadevrt.lib
  main.cu.obj
  user_program.cu.obj
  virtual_memory.cu.obj
    正在创建库 D:\CUHK\Y3T1\CSC3150\project\project 3\Bonus\CSC3150_A3\CSC3150_A3\x64\Release\CSC3150_A3.lib 和对象 D:\CUHK\Y3T1\CSC3150\project\project 3\Bonus\CSC3150_A3\CSC3150_A3\x64\Release\CSC3150_A3.exp
  LINK : 已指定 /LTCG，但不需要生成代码；从链接命令行中移除 /LTCG 以提高链接器性能
  CSC3150_A3.vcxproj -> D:\CUHK\Y3T1\CSC3150\project\project 3\Bonus\CSC3150_A3\CSC3150_A3\x64\Release\CSC3150_A3.exe
  CSC3150_A3.vcxproj -> D:\CUHK\Y3T1\CSC3150\project\project 3\Bonus\CSC3150_A3\CSC3150_A3\x64\Release\CSC3150_A3.pdb (Full PDB)
